<?xml version="1.0" encoding="UTF-8"?>
<testsuite xmlns:xsi="http://www.w3.org/2001/XMLSchema-instance" xsi:noNamespaceSchemaLocation="https://maven.apache.org/surefire/maven-surefire-plugin/xsd/surefire-test-report-3.0.xsd" version="3.0" name="com.example.iso8583.integration.Iso8583IntegrationTest" time="1.826" tests="5" errors="0" skipped="0" failures="0">
  <properties>
[...]
</properties>
  <testcase name="shouldCreateSampleDto" classname="com.example.iso8583.integration.Iso8583IntegrationTest" time="0.572">
    <system-out><![CDATA[14:42:16.934 [main] INFO org.springframework.test.context.support.AnnotationConfigContextLoaderUtils -- Could not detect default configuration classes for test class [com.example.iso8583.integration.Iso8583IntegrationTest]: Iso8583IntegrationTest does not declare any static, non-private, non-final, nested classes annotated with @Configuration.
14:42:17.002 [main] INFO org.springframework.boot.test.context.SpringBootTestContextBootstrapper -- Found @SpringBootConfiguration com.example.iso8583.Iso8583Application for test class com.example.iso8583.integration.Iso8583IntegrationTest

  .   ____          _            __ _ _
 /\\ / ___'_ __ _ _(_)_ __  __ _ \ \ \ \
( ( )\___ | '_ | '_| | '_ \/ _` | \ \ \ \
 \\/  ___)| |_)| | | | | || (_| |  ) ) ) )
  '  |____| .__|_| |_|_| |_\__, | / / / /
 =========|_|==============|___/=/_/_/_/

 :: Spring Boot ::                (v3.5.4)

2025-08-14 14:42:17 - Starting Iso8583IntegrationTest using Java 21.0.2 with PID 601158 (started by actdigital in /home/actdigital/repository/martinsjavacode/iso8583-annotation-processor/iso8583-application)
2025-08-14 14:42:17 - Running with Spring Boot v3.5.4, Spring v6.2.9
2025-08-14 14:42:17 - No active profile set, falling back to 1 default profile: "default"
2025-08-14 14:42:18 - Started Iso8583IntegrationTest in 1.011 seconds (process running for 1.563)
]]></system-out>
    <system-err><![CDATA[Mockito is currently self-attaching to enable the inline-mock-maker. This will no longer work in future releases of the JDK. Please add Mockito as an agent to your build as described in Mockito's documentation: https://javadoc.io/doc/org.mockito/mockito-core/latest/org.mockito/org/mockito/Mockito.html#0.3
WARNING: A Java agent has been loaded dynamically (/home/actdigital/.m2/repository/net/bytebuddy/byte-buddy-agent/1.17.6/byte-buddy-agent-1.17.6.jar)
WARNING: If a serviceability tool is in use, please run with -XX:+EnableDynamicAgentLoading to hide this warning
WARNING: If a serviceability tool is not in use, please run with -Djdk.instrument.traceUsage for more information
WARNING: Dynamic loading of agents will be disallowed by default in a future release
]]></system-err>
  </testcase>
  <testcase name="shouldThrowExceptionForEncodingBeforeCodeGeneration" classname="com.example.iso8583.integration.Iso8583IntegrationTest" time="0.006"/>
  <testcase name="shouldThrowExceptionForDecodingBeforeCodeGeneration" classname="com.example.iso8583.integration.Iso8583IntegrationTest" time="0.003"/>
  <testcase name="shouldHandleToStringWithMaskedPan" classname="com.example.iso8583.integration.Iso8583IntegrationTest" time="0.004"/>
  <testcase name="shouldCreateValidDtoStructure" classname="com.example.iso8583.integration.Iso8583IntegrationTest" time="0.002"/>
</testsuite>