<?xml version="1.0" encoding="UTF-8"?>
<testsuite xmlns:xsi="http://www.w3.org/2001/XMLSchema-instance" xsi:noNamespaceSchemaLocation="https://maven.apache.org/surefire/maven-surefire-plugin/xsd/surefire-test-report-3.0.xsd" version="3.0" name="com.example.iso8583.domain.IsoMessageTest" time="0.088" tests="10" errors="0" skipped="0" failures="0">
  <properties>
[...]
</properties>
  <testcase name="shouldCreateMessageWithMTI" classname="com.example.iso8583.domain.IsoMessageTest" time="0.039"/>
  <testcase name="shouldThrowExceptionForInvalidMTI" classname="com.example.iso8583.domain.IsoMessageTest" time="0.005"/>
  <testcase name="shouldProvideMessageStats" classname="com.example.iso8583.domain.IsoMessageTest" time="0.002"/>
  <testcase name="shouldValidateMessage" classname="com.example.iso8583.domain.IsoMessageTest" time="0.001"/>
  <testcase name="shouldAddAndRetrieveFields" classname="com.example.iso8583.domain.IsoMessageTest" time="0.009"/>
  <testcase name="shouldThrowExceptionForWrongFieldType" classname="com.example.iso8583.domain.IsoMessageTest" time="0.004"/>
  <testcase name="shouldRemoveFields" classname="com.example.iso8583.domain.IsoMessageTest" time="0.001"/>
  <testcase name="shouldCopyMessage" classname="com.example.iso8583.domain.IsoMessageTest" time="0.001"/>
  <testcase name="shouldSetSecondaryBitmapWhenNeeded" classname="com.example.iso8583.domain.IsoMessageTest" time="0.001"/>
  <testcase name="shouldGetTypedFieldValue" classname="com.example.iso8583.domain.IsoMessageTest" time="0.001"/>
</testsuite>